Copyright 1986-2020 Xilinx, Inc. All Rights Reserved.
--------------------------------------------------------------------------------------------------------------------------------------------------------------------------------------------------
| Tool Version : Vivado v.2020.1 (win64) Build 2902540 Wed May 27 19:54:49 MDT 2020
| Date         : Fri Sep 25 11:34:08 2020
| Host         : DESKTOP-TV47M97 running 64-bit major release  (build 9200)
| Command      : report_methodology -file unsigned_seq_mult_LS_methodology_drc_routed.rpt -pb unsigned_seq_mult_LS_methodology_drc_routed.pb -rpx unsigned_seq_mult_LS_methodology_drc_routed.rpx
| Design       : unsigned_seq_mult_LS
| Device       : xc7a100tcsg324-1
| Speed File   : -1
| Design State : Fully Routed
--------------------------------------------------------------------------------------------------------------------------------------------------------------------------------------------------

Report Methodology

Table of Contents
-----------------
1. REPORT SUMMARY
2. REPORT DETAILS

1. REPORT SUMMARY
-----------------
            Netlist: netlist
          Floorplan: design_1
      Design limits: <entire design considered>
             Max violations: <unlimited>
             Violations found: 50
+-----------+------------------+------------------------------+------------+
| Rule      | Severity         | Description                  | Violations |
+-----------+------------------+------------------------------+------------+
| TIMING-17 | Critical Warning | Non-clocked sequential cell  | 32         |
| LUTAR-1   | Warning          | LUT drives async reset alert | 12         |
| TIMING-20 | Warning          | Non-clocked latch            | 6          |
+-----------+------------------+------------------------------+------------+

2. REPORT DETAILS
-----------------
TIMING-17#1 Critical Warning
Non-clocked sequential cell  
The clock pin c_reg[0]/C is not reached by a timing clock
Related violations: <none>

TIMING-17#2 Critical Warning
Non-clocked sequential cell  
The clock pin c_reg[1]/C is not reached by a timing clock
Related violations: <none>

TIMING-17#3 Critical Warning
Non-clocked sequential cell  
The clock pin c_reg[2]/C is not reached by a timing clock
Related violations: <none>

TIMING-17#4 Critical Warning
Non-clocked sequential cell  
The clock pin lshift_reg[0]_P/C is not reached by a timing clock
Related violations: <none>

TIMING-17#5 Critical Warning
Non-clocked sequential cell  
The clock pin lshift_reg[10]/C is not reached by a timing clock
Related violations: <none>

TIMING-17#6 Critical Warning
Non-clocked sequential cell  
The clock pin lshift_reg[11]/C is not reached by a timing clock
Related violations: <none>

TIMING-17#7 Critical Warning
Non-clocked sequential cell  
The clock pin lshift_reg[1]_C/C is not reached by a timing clock
Related violations: <none>

TIMING-17#8 Critical Warning
Non-clocked sequential cell  
The clock pin lshift_reg[1]_P/C is not reached by a timing clock
Related violations: <none>

TIMING-17#9 Critical Warning
Non-clocked sequential cell  
The clock pin lshift_reg[2]_C/C is not reached by a timing clock
Related violations: <none>

TIMING-17#10 Critical Warning
Non-clocked sequential cell  
The clock pin lshift_reg[2]_P/C is not reached by a timing clock
Related violations: <none>

TIMING-17#11 Critical Warning
Non-clocked sequential cell  
The clock pin lshift_reg[3]_C/C is not reached by a timing clock
Related violations: <none>

TIMING-17#12 Critical Warning
Non-clocked sequential cell  
The clock pin lshift_reg[3]_P/C is not reached by a timing clock
Related violations: <none>

TIMING-17#13 Critical Warning
Non-clocked sequential cell  
The clock pin lshift_reg[4]_C/C is not reached by a timing clock
Related violations: <none>

TIMING-17#14 Critical Warning
Non-clocked sequential cell  
The clock pin lshift_reg[4]_P/C is not reached by a timing clock
Related violations: <none>

TIMING-17#15 Critical Warning
Non-clocked sequential cell  
The clock pin lshift_reg[5]_C/C is not reached by a timing clock
Related violations: <none>

TIMING-17#16 Critical Warning
Non-clocked sequential cell  
The clock pin lshift_reg[5]_P/C is not reached by a timing clock
Related violations: <none>

TIMING-17#17 Critical Warning
Non-clocked sequential cell  
The clock pin lshift_reg[6]/C is not reached by a timing clock
Related violations: <none>

TIMING-17#18 Critical Warning
Non-clocked sequential cell  
The clock pin lshift_reg[7]/C is not reached by a timing clock
Related violations: <none>

TIMING-17#19 Critical Warning
Non-clocked sequential cell  
The clock pin lshift_reg[8]/C is not reached by a timing clock
Related violations: <none>

TIMING-17#20 Critical Warning
Non-clocked sequential cell  
The clock pin lshift_reg[9]/C is not reached by a timing clock
Related violations: <none>

TIMING-17#21 Critical Warning
Non-clocked sequential cell  
The clock pin product_reg[0]/C is not reached by a timing clock
Related violations: <none>

TIMING-17#22 Critical Warning
Non-clocked sequential cell  
The clock pin product_reg[10]/C is not reached by a timing clock
Related violations: <none>

TIMING-17#23 Critical Warning
Non-clocked sequential cell  
The clock pin product_reg[11]/C is not reached by a timing clock
Related violations: <none>

TIMING-17#24 Critical Warning
Non-clocked sequential cell  
The clock pin product_reg[1]/C is not reached by a timing clock
Related violations: <none>

TIMING-17#25 Critical Warning
Non-clocked sequential cell  
The clock pin product_reg[2]/C is not reached by a timing clock
Related violations: <none>

TIMING-17#26 Critical Warning
Non-clocked sequential cell  
The clock pin product_reg[3]/C is not reached by a timing clock
Related violations: <none>

TIMING-17#27 Critical Warning
Non-clocked sequential cell  
The clock pin product_reg[4]/C is not reached by a timing clock
Related violations: <none>

TIMING-17#28 Critical Warning
Non-clocked sequential cell  
The clock pin product_reg[5]/C is not reached by a timing clock
Related violations: <none>

TIMING-17#29 Critical Warning
Non-clocked sequential cell  
The clock pin product_reg[6]/C is not reached by a timing clock
Related violations: <none>

TIMING-17#30 Critical Warning
Non-clocked sequential cell  
The clock pin product_reg[7]/C is not reached by a timing clock
Related violations: <none>

TIMING-17#31 Critical Warning
Non-clocked sequential cell  
The clock pin product_reg[8]/C is not reached by a timing clock
Related violations: <none>

TIMING-17#32 Critical Warning
Non-clocked sequential cell  
The clock pin product_reg[9]/C is not reached by a timing clock
Related violations: <none>

LUTAR-1#1 Warning
LUT drives async reset alert  
LUT cell lshift_reg[0]_LDC_i_1, with 2 or more inputs, drives asynchronous preset/clear pin(s) lshift_reg[0]_P/PRE. The LUT may glitch and trigger an unexpected reset, even if it is a properly timed path.
Related violations: <none>

LUTAR-1#2 Warning
LUT drives async reset alert  
LUT cell lshift_reg[0]_LDC_i_2, with 2 or more inputs, drives asynchronous preset/clear pin(s) lshift_reg[0]_LDC/CLR. The LUT may glitch and trigger an unexpected reset, even if it is a properly timed path.
Related violations: <none>

LUTAR-1#3 Warning
LUT drives async reset alert  
LUT cell lshift_reg[1]_LDC_i_1, with 2 or more inputs, drives asynchronous preset/clear pin(s) lshift_reg[1]_P/PRE. The LUT may glitch and trigger an unexpected reset, even if it is a properly timed path.
Related violations: <none>

LUTAR-1#4 Warning
LUT drives async reset alert  
LUT cell lshift_reg[1]_LDC_i_2, with 2 or more inputs, drives asynchronous preset/clear pin(s) lshift_reg[1]_C/CLR, lshift_reg[1]_LDC/CLR. The LUT may glitch and trigger an unexpected reset, even if it is a properly timed path.
Related violations: <none>

LUTAR-1#5 Warning
LUT drives async reset alert  
LUT cell lshift_reg[2]_LDC_i_1, with 2 or more inputs, drives asynchronous preset/clear pin(s) lshift_reg[2]_P/PRE. The LUT may glitch and trigger an unexpected reset, even if it is a properly timed path.
Related violations: <none>

LUTAR-1#6 Warning
LUT drives async reset alert  
LUT cell lshift_reg[2]_LDC_i_2, with 2 or more inputs, drives asynchronous preset/clear pin(s) lshift_reg[2]_C/CLR, lshift_reg[2]_LDC/CLR. The LUT may glitch and trigger an unexpected reset, even if it is a properly timed path.
Related violations: <none>

LUTAR-1#7 Warning
LUT drives async reset alert  
LUT cell lshift_reg[3]_LDC_i_1, with 2 or more inputs, drives asynchronous preset/clear pin(s) lshift_reg[3]_P/PRE. The LUT may glitch and trigger an unexpected reset, even if it is a properly timed path.
Related violations: <none>

LUTAR-1#8 Warning
LUT drives async reset alert  
LUT cell lshift_reg[3]_LDC_i_2, with 2 or more inputs, drives asynchronous preset/clear pin(s) lshift_reg[3]_C/CLR, lshift_reg[3]_LDC/CLR. The LUT may glitch and trigger an unexpected reset, even if it is a properly timed path.
Related violations: <none>

LUTAR-1#9 Warning
LUT drives async reset alert  
LUT cell lshift_reg[4]_LDC_i_1, with 2 or more inputs, drives asynchronous preset/clear pin(s) lshift_reg[4]_P/PRE. The LUT may glitch and trigger an unexpected reset, even if it is a properly timed path.
Related violations: <none>

LUTAR-1#10 Warning
LUT drives async reset alert  
LUT cell lshift_reg[4]_LDC_i_2, with 2 or more inputs, drives asynchronous preset/clear pin(s) lshift_reg[4]_C/CLR, lshift_reg[4]_LDC/CLR. The LUT may glitch and trigger an unexpected reset, even if it is a properly timed path.
Related violations: <none>

LUTAR-1#11 Warning
LUT drives async reset alert  
LUT cell lshift_reg[5]_LDC_i_1, with 2 or more inputs, drives asynchronous preset/clear pin(s) lshift_reg[5]_P/PRE. The LUT may glitch and trigger an unexpected reset, even if it is a properly timed path.
Related violations: <none>

LUTAR-1#12 Warning
LUT drives async reset alert  
LUT cell lshift_reg[5]_LDC_i_2, with 2 or more inputs, drives asynchronous preset/clear pin(s) lshift_reg[5]_C/CLR, lshift_reg[5]_LDC/CLR. The LUT may glitch and trigger an unexpected reset, even if it is a properly timed path.
Related violations: <none>

TIMING-20#1 Warning
Non-clocked latch  
The latch lshift_reg[0]_LDC cannot be properly analyzed as its control pin lshift_reg[0]_LDC/G is not reached by a timing clock
Related violations: <none>

TIMING-20#2 Warning
Non-clocked latch  
The latch lshift_reg[1]_LDC cannot be properly analyzed as its control pin lshift_reg[1]_LDC/G is not reached by a timing clock
Related violations: <none>

TIMING-20#3 Warning
Non-clocked latch  
The latch lshift_reg[2]_LDC cannot be properly analyzed as its control pin lshift_reg[2]_LDC/G is not reached by a timing clock
Related violations: <none>

TIMING-20#4 Warning
Non-clocked latch  
The latch lshift_reg[3]_LDC cannot be properly analyzed as its control pin lshift_reg[3]_LDC/G is not reached by a timing clock
Related violations: <none>

TIMING-20#5 Warning
Non-clocked latch  
The latch lshift_reg[4]_LDC cannot be properly analyzed as its control pin lshift_reg[4]_LDC/G is not reached by a timing clock
Related violations: <none>

TIMING-20#6 Warning
Non-clocked latch  
The latch lshift_reg[5]_LDC cannot be properly analyzed as its control pin lshift_reg[5]_LDC/G is not reached by a timing clock
Related violations: <none>


